<?xml version="1.0" encoding="UTF-8"?>
<testng-results ignored="0" total="2" passed="2" failed="0" skipped="0">
  <reporter-output>
  </reporter-output>
  <suite started-at="2024-10-15T23:07:21Z" name="Default suite" finished-at="2024-10-15T23:07:27Z" duration-ms="5712">
    <groups>
    </groups>
    <test started-at="2024-10-15T23:07:21Z" name="Default test" finished-at="2024-10-15T23:07:27Z" duration-ms="5712">
      <class name="testCases.UpdateAccount">
        <test-method signature="updateAccount()[pri:1, instance:testCases.UpdateAccount@74a6f9c1]" started-at="2024-10-15T23:07:21Z" name="updateAccount" finished-at="2024-10-15T23:07:25Z" duration-ms="3894" status="PASS">
          <reporter-output>
          </reporter-output>
        </test-method> <!-- updateAccount -->
        <test-method signature="readOneProduct()[pri:2, instance:testCases.UpdateAccount@74a6f9c1]" started-at="2024-10-15T23:07:25Z" name="readOneProduct" finished-at="2024-10-15T23:07:27Z" duration-ms="1800" status="PASS">
          <reporter-output>
          </reporter-output>
        </test-method> <!-- readOneProduct -->
      </class> <!-- testCases.UpdateAccount -->
    </test> <!-- Default test -->
  </suite> <!-- Default suite -->
</testng-results>
